0 info it worked if it ends with ok
1 verbose cli [ '/home/brian/.nvm/v0.10.31/bin/node',
1 verbose cli   '/home/brian/.nvm/v0.10.31/bin/npm',
1 verbose cli   'start' ]
2 info using npm@1.4.23
3 info using node@v0.10.31
4 verbose run-script [ 'prestart', 'start', 'poststart' ]
5 info prestart recdaemon@0.0.0
6 info start recdaemon@0.0.0
7 verbose unsafe-perm in lifecycle true
8 info recdaemon@0.0.0 Failed to exec start script
9 error recdaemon@0.0.0 start: `node ./bin/www`
9 error Exit status 8
10 error Failed at the recdaemon@0.0.0 start script.
10 error This is most likely a problem with the recdaemon package,
10 error not with npm itself.
10 error Tell the author that this fails on your system:
10 error     node ./bin/www
10 error You can get their info via:
10 error     npm owner ls recdaemon
10 error There is likely additional logging output above.
11 error System Linux 3.11.0-12-generic
12 error command "/home/brian/.nvm/v0.10.31/bin/node" "/home/brian/.nvm/v0.10.31/bin/npm" "start"
13 error cwd /home/brian/Documents/SEC/Projects/GIT/receipting/recdaemon
14 error node -v v0.10.31
15 error npm -v 1.4.23
16 error code ELIFECYCLE
17 verbose exit [ 1, true ]
