0 info it worked if it ends with ok
1 verbose cli [ '/home/brian/.nvm/v0.10.31/bin/node',
1 verbose cli   '/home/brian/.nvm/v0.10.31/bin/npm',
1 verbose cli   'start' ]
2 info using npm@1.4.23
3 info using node@v0.10.31
4 verbose config Skipping project config: /home/brian/.npmrc. (matches userconfig)
5 error Error: ENOENT, open '/home/brian/Documents/SEC/Projects/GIT/receipting/package.json'
6 error If you need help, you may report this *entire* log,
6 error including the npm and node versions, at:
6 error     <http://github.com/npm/npm/issues>
7 error System Linux 3.11.0-12-generic
8 error command "/home/brian/.nvm/v0.10.31/bin/node" "/home/brian/.nvm/v0.10.31/bin/npm" "start"
9 error cwd /home/brian/Documents/SEC/Projects/GIT/receipting
10 error node -v v0.10.31
11 error npm -v 1.4.23
12 error path /home/brian/Documents/SEC/Projects/GIT/receipting/package.json
13 error code ENOENT
14 error errno 34
15 verbose exit [ 34, true ]
